Running: D:\Xilinx\14.7\ISE_DS\ISE\bin\nt64\unwrapped\fuse.exe -intstyle ise -incremental -lib unisims_ver -lib unimacro_ver -lib xilinxcorelib_ver -o C:/Users/pixel/Desktop/az3/testbench_isim_beh.exe -prj C:/Users/pixel/Desktop/az3/testbench_beh.prj work.testbench work.glbl 
ISim P.20131013 (signature 0x7708f090)
Number of CPUs detected in this system: 4
Turning on mult-threading, number of parallel sub-compilation jobs: 8 
Determining compilation order of HDL files
Analyzing Verilog file "C:/Users/pixel/Desktop/az3/modulefinal2.v" into library work
Analyzing Verilog file "C:/Users/pixel/Desktop/az3/modulefinal1.v" into library work
Analyzing Verilog file "C:/Users/pixel/Desktop/az3/module2.v" into library work
Analyzing Verilog file "C:/Users/pixel/Desktop/az3/module1.v" into library work
Analyzing Verilog file "C:/Users/pixel/Desktop/az3/alu74181.v" into library work
Analyzing Verilog file "C:/Users/pixel/Desktop/az3/testbench.v" into library work
Analyzing Verilog file "D:/Xilinx/14.7/ISE_DS/ISE//verilog/src/glbl.v" into library work
Starting static elaboration
Completed static elaboration
Compiling module module1
Compiling module module2
Compiling module modulefinal1
Compiling module modulefinal2
Compiling module alu74181
Compiling module testbench
Compiling module glbl
Time Resolution for simulation is 1ps.
Waiting for 1 sub-compilation(s) to finish...
Compiled 7 Verilog Units
Built simulation executable C:/Users/pixel/Desktop/az3/testbench_isim_beh.exe
Fuse Memory Usage: 28772 KB
Fuse CPU Usage: 796 ms
